{"uid":"3708adc71feaef95","name":"Több oldalas lista bejárása","fullName":"vizsgaremek.test.test_conduit.TestPostHandling#testpaging","historyId":"c4713e8cd6bbfc766fd60b82625b2c5a","time":{"start":1682100505622,"stop":1682100526044,"duration":20422},"status":"broken","statusMessage":"selenium.common.exceptions.TimeoutException: Message: \nStacktrace:\n#0 0x55aa6f4f9fe3 <unknown>\n#1 0x55aa6f238d36 <unknown>\n#2 0x55aa6f275c4d <unknown>\n#3 0x55aa6f275d61 <unknown>\n#4 0x55aa6f2b16a4 <unknown>\n#5 0x55aa6f2968ed <unknown>\n#6 0x55aa6f2af232 <unknown>\n#7 0x55aa6f296693 <unknown>\n#8 0x55aa6f26903a <unknown>\n#9 0x55aa6f26a17e <unknown>\n#10 0x55aa6f4bbdbd <unknown>\n#11 0x55aa6f4bfc6c <unknown>\n#12 0x55aa6f4c94b0 <unknown>\n#13 0x55aa6f4c0d63 <unknown>\n#14 0x55aa6f493c35 <unknown>\n#15 0x55aa6f4e4138 <unknown>\n#16 0x55aa6f4e42c7 <unknown>\n#17 0x55aa6f4f2093 <unknown>\n#18 0x7f4abb103b43 <unknown>","statusTrace":"self = <test_conduit.TestPostHandling object at 0x7f9a6e2bdfc0>\n\n    @allure.id(\"TC-07\")\n    @allure.title(\"Több oldalas lista bejárása\")\n    def testpaging(self):\n>       go_through_page_list(self.browser)\n\nvizsgaremek/test/test_conduit.py:128: \n_ _ _ _ _ _ _ _ _ _ _ _ _ _ _ _ _ _ _ _ _ _ _ _ _ _ _ _ _ _ _ _ _ _ _ _ _ _ _ _ \nvizsgaremek/test/main_functions.py:147: in go_through_page_list\n    pagination = wait.until(EC.visibility_of_element_located((By.CLASS_NAME, \"pagination\")))\n_ _ _ _ _ _ _ _ _ _ _ _ _ _ _ _ _ _ _ _ _ _ _ _ _ _ _ _ _ _ _ _ _ _ _ _ _ _ _ _ \n\nself = <selenium.webdriver.support.wait.WebDriverWait (session=\"b9c62302048ceb84d61849d41882c4ad\")>\nmethod = <function visibility_of_element_located.<locals>._predicate at 0x7f9a6e383b50>\nmessage = ''\n\n    def until(self, method, message: str = \"\"):\n        \"\"\"Calls the method provided with the driver as an argument until the \\\n        return value does not evaluate to ``False``.\n    \n        :param method: callable(WebDriver)\n        :param message: optional message for :exc:`TimeoutException`\n        :returns: the result of the last call to `method`\n        :raises: :exc:`selenium.common.exceptions.TimeoutException` if timeout occurs\n        \"\"\"\n        screen = None\n        stacktrace = None\n    \n        end_time = time.monotonic() + self._timeout\n        while True:\n            try:\n                value = method(self._driver)\n                if value:\n                    return value\n            except self._ignored_exceptions as exc:\n                screen = getattr(exc, \"screen\", None)\n                stacktrace = getattr(exc, \"stacktrace\", None)\n            time.sleep(self._poll)\n            if time.monotonic() > end_time:\n                break\n>       raise TimeoutException(message, screen, stacktrace)\nE       selenium.common.exceptions.TimeoutException: Message: \nE       Stacktrace:\nE       #0 0x55aa6f4f9fe3 <unknown>\nE       #1 0x55aa6f238d36 <unknown>\nE       #2 0x55aa6f275c4d <unknown>\nE       #3 0x55aa6f275d61 <unknown>\nE       #4 0x55aa6f2b16a4 <unknown>\nE       #5 0x55aa6f2968ed <unknown>\nE       #6 0x55aa6f2af232 <unknown>\nE       #7 0x55aa6f296693 <unknown>\nE       #8 0x55aa6f26903a <unknown>\nE       #9 0x55aa6f26a17e <unknown>\nE       #10 0x55aa6f4bbdbd <unknown>\nE       #11 0x55aa6f4bfc6c <unknown>\nE       #12 0x55aa6f4c94b0 <unknown>\nE       #13 0x55aa6f4c0d63 <unknown>\nE       #14 0x55aa6f493c35 <unknown>\nE       #15 0x55aa6f4e4138 <unknown>\nE       #16 0x55aa6f4e42c7 <unknown>\nE       #17 0x55aa6f4f2093 <unknown>\nE       #18 0x7f4abb103b43 <unknown>\n\n/opt/hostedtoolcache/Python/3.10.11/x64/lib/python3.10/site-packages/selenium/webdriver/support/wait.py:95: TimeoutException","flaky":false,"newFailed":false,"newBroken":false,"newPassed":false,"retriesCount":0,"retriesStatusChange":false,"beforeStages":[{"name":"_xunit_setup_method_fixture_TestPostHandling","time":{"start":1682100502763,"stop":1682100505620,"duration":2857},"status":"passed","steps":[],"attachments":[],"parameters":[],"stepsCount":0,"attachmentsCount":0,"shouldDisplayMessage":false,"hasContent":false}],"afterStages":[{"name":"_xunit_setup_method_fixture_TestPostHandling::0","time":{"start":1682100526056,"stop":1682100526112,"duration":56},"status":"passed","steps":[],"attachments":[],"parameters":[],"stepsCount":0,"attachmentsCount":0,"shouldDisplayMessage":false,"hasContent":false}],"labels":[{"name":"as_id","value":"TC-07"},{"name":"parentSuite","value":"vizsgaremek.test"},{"name":"suite","value":"test_conduit"},{"name":"subSuite","value":"TestPostHandling"},{"name":"host","value":"fv-az1248-152"},{"name":"thread","value":"3044-MainThread"},{"name":"framework","value":"pytest"},{"name":"language","value":"cpython3"},{"name":"package","value":"vizsgaremek.test.test_conduit"},{"name":"resultFormat","value":"allure2"}],"parameters":[],"links":[],"hidden":false,"retry":false,"extra":{"severity":"normal","retries":[],"categories":[{"name":"Test defects","matchedStatuses":[],"flaky":false}],"tags":[]},"source":"3708adc71feaef95.json","parameterValues":[]}