{"uid":"9985021b2c75c4d0","name":"Kijelentkezés","fullName":"vizsgaremek.test.test_conduit.TestSignInAndSignOut#testsingout","historyId":"89845c7e7b588bbcc579d3a14a7bb20b","time":{"start":1682101269684,"stop":1682101292236,"duration":22552},"status":"broken","statusMessage":"selenium.common.exceptions.TimeoutException: Message: \nStacktrace:\n#0 0x55a679b84fe3 <unknown>\n#1 0x55a6798c3d36 <unknown>\n#2 0x55a679900c4d <unknown>\n#3 0x55a679900d61 <unknown>\n#4 0x55a67993c6a4 <unknown>\n#5 0x55a6799218ed <unknown>\n#6 0x55a67993a232 <unknown>\n#7 0x55a679921693 <unknown>\n#8 0x55a6798f403a <unknown>\n#9 0x55a6798f517e <unknown>\n#10 0x55a679b46dbd <unknown>\n#11 0x55a679b4ac6c <unknown>\n#12 0x55a679b544b0 <unknown>\n#13 0x55a679b4bd63 <unknown>\n#14 0x55a679b1ec35 <unknown>\n#15 0x55a679b6f138 <unknown>\n#16 0x55a679b6f2c7 <unknown>\n#17 0x55a679b7d093 <unknown>\n#18 0x7f12254c5b43 <unknown>","statusTrace":"self = <test_conduit.TestSignInAndSignOut object at 0x7ff2c83c6d10>\n\n    @allure.id(\"TC-04\")\n    @allure.title(\"Kijelentkezés\")\n    def testsingout(self):\n        for user in get_users_from_file():\n            if user[0].startswith('signin_valid'):\n                use_case, username, email, password, expected_title, expected_description = user\n                signin(self.browser, email, password)\n>       logout(self.browser)\n\nvizsgaremek/test/test_conduit.py:89: \n_ _ _ _ _ _ _ _ _ _ _ _ _ _ _ _ _ _ _ _ _ _ _ _ _ _ _ _ _ _ _ _ _ _ _ _ _ _ _ _ \nvizsgaremek/test/main_functions.py:80: in logout\n    logout_button = wait.until(EC.visibility_of_element_located((By.XPATH, \"(//div[@class='container']/ul/li)[5]\")))\n_ _ _ _ _ _ _ _ _ _ _ _ _ _ _ _ _ _ _ _ _ _ _ _ _ _ _ _ _ _ _ _ _ _ _ _ _ _ _ _ \n\nself = <selenium.webdriver.support.wait.WebDriverWait (session=\"d416f30c614fbfce25992b6da6c27eca\")>\nmethod = <function visibility_of_element_located.<locals>._predicate at 0x7ff2c848b910>\nmessage = ''\n\n    def until(self, method, message: str = \"\"):\n        \"\"\"Calls the method provided with the driver as an argument until the \\\n        return value does not evaluate to ``False``.\n    \n        :param method: callable(WebDriver)\n        :param message: optional message for :exc:`TimeoutException`\n        :returns: the result of the last call to `method`\n        :raises: :exc:`selenium.common.exceptions.TimeoutException` if timeout occurs\n        \"\"\"\n        screen = None\n        stacktrace = None\n    \n        end_time = time.monotonic() + self._timeout\n        while True:\n            try:\n                value = method(self._driver)\n                if value:\n                    return value\n            except self._ignored_exceptions as exc:\n                screen = getattr(exc, \"screen\", None)\n                stacktrace = getattr(exc, \"stacktrace\", None)\n            time.sleep(self._poll)\n            if time.monotonic() > end_time:\n                break\n>       raise TimeoutException(message, screen, stacktrace)\nE       selenium.common.exceptions.TimeoutException: Message: \nE       Stacktrace:\nE       #0 0x55a679b84fe3 <unknown>\nE       #1 0x55a6798c3d36 <unknown>\nE       #2 0x55a679900c4d <unknown>\nE       #3 0x55a679900d61 <unknown>\nE       #4 0x55a67993c6a4 <unknown>\nE       #5 0x55a6799218ed <unknown>\nE       #6 0x55a67993a232 <unknown>\nE       #7 0x55a679921693 <unknown>\nE       #8 0x55a6798f403a <unknown>\nE       #9 0x55a6798f517e <unknown>\nE       #10 0x55a679b46dbd <unknown>\nE       #11 0x55a679b4ac6c <unknown>\nE       #12 0x55a679b544b0 <unknown>\nE       #13 0x55a679b4bd63 <unknown>\nE       #14 0x55a679b1ec35 <unknown>\nE       #15 0x55a679b6f138 <unknown>\nE       #16 0x55a679b6f2c7 <unknown>\nE       #17 0x55a679b7d093 <unknown>\nE       #18 0x7f12254c5b43 <unknown>\n\n/opt/hostedtoolcache/Python/3.10.11/x64/lib/python3.10/site-packages/selenium/webdriver/support/wait.py:95: TimeoutException","flaky":false,"newFailed":false,"newBroken":false,"newPassed":false,"retriesCount":0,"retriesStatusChange":false,"beforeStages":[{"name":"_xunit_setup_method_fixture_TestSignInAndSignOut","time":{"start":1682101268612,"stop":1682101269683,"duration":1071},"status":"passed","steps":[],"attachments":[],"parameters":[],"stepsCount":0,"attachmentsCount":0,"shouldDisplayMessage":false,"hasContent":false}],"afterStages":[{"name":"_xunit_setup_method_fixture_TestSignInAndSignOut::0","time":{"start":1682101292251,"stop":1682101292308,"duration":57},"status":"passed","steps":[],"attachments":[],"parameters":[],"stepsCount":0,"attachmentsCount":0,"shouldDisplayMessage":false,"hasContent":false}],"labels":[{"name":"as_id","value":"TC-04"},{"name":"parentSuite","value":"vizsgaremek.test"},{"name":"suite","value":"test_conduit"},{"name":"subSuite","value":"TestSignInAndSignOut"},{"name":"host","value":"fv-az797-833"},{"name":"thread","value":"3058-MainThread"},{"name":"framework","value":"pytest"},{"name":"language","value":"cpython3"},{"name":"package","value":"vizsgaremek.test.test_conduit"},{"name":"resultFormat","value":"allure2"}],"parameters":[],"links":[],"hidden":false,"retry":false,"extra":{"severity":"normal","retries":[],"categories":[{"name":"Test defects","matchedStatuses":[],"flaky":false}],"tags":[]},"source":"9985021b2c75c4d0.json","parameterValues":[]}