{"uid":"e9ed535ad4aa7495","name":"Új poszt létrehozása","fullName":"vizsgaremek.test.test_conduit.TestPostHandling#test_new_post","historyId":"18a040b0a4bdf20fa217d0077a624560","time":{"start":1682100482256,"stop":1682100502690,"duration":20434},"status":"broken","statusMessage":"selenium.common.exceptions.TimeoutException: Message: \nStacktrace:\n#0 0x563c1b936fe3 <unknown>\n#1 0x563c1b675d36 <unknown>\n#2 0x563c1b6b2c4d <unknown>\n#3 0x563c1b6b2d61 <unknown>\n#4 0x563c1b6ee6a4 <unknown>\n#5 0x563c1b6d38ed <unknown>\n#6 0x563c1b6ec232 <unknown>\n#7 0x563c1b6d3693 <unknown>\n#8 0x563c1b6a603a <unknown>\n#9 0x563c1b6a717e <unknown>\n#10 0x563c1b8f8dbd <unknown>\n#11 0x563c1b8fcc6c <unknown>\n#12 0x563c1b9064b0 <unknown>\n#13 0x563c1b8fdd63 <unknown>\n#14 0x563c1b8d0c35 <unknown>\n#15 0x563c1b921138 <unknown>\n#16 0x563c1b9212c7 <unknown>\n#17 0x563c1b92f093 <unknown>\n#18 0x7f6b03e88b43 <unknown>","statusTrace":"self = <test_conduit.TestPostHandling object at 0x7f9a6e2be230>\n\n    @allure.id(\"TC-06\")\n    @allure.title(\"Új poszt létrehozása\")\n    def test_new_post(self):\n>       create_new_post(self.browser)\n\nvizsgaremek/test/test_conduit.py:123: \n_ _ _ _ _ _ _ _ _ _ _ _ _ _ _ _ _ _ _ _ _ _ _ _ _ _ _ _ _ _ _ _ _ _ _ _ _ _ _ _ \nvizsgaremek/test/main_functions.py:93: in create_new_post\n    new_article_nav = wait.until(EC.presence_of_element_located((By.XPATH, \"//a[@href='#/editor']\")))\n_ _ _ _ _ _ _ _ _ _ _ _ _ _ _ _ _ _ _ _ _ _ _ _ _ _ _ _ _ _ _ _ _ _ _ _ _ _ _ _ \n\nself = <selenium.webdriver.support.wait.WebDriverWait (session=\"0092164f80f5e762bb99d2c8c71b38d6\")>\nmethod = <function presence_of_element_located.<locals>._predicate at 0x7f9a6e243130>\nmessage = ''\n\n    def until(self, method, message: str = \"\"):\n        \"\"\"Calls the method provided with the driver as an argument until the \\\n        return value does not evaluate to ``False``.\n    \n        :param method: callable(WebDriver)\n        :param message: optional message for :exc:`TimeoutException`\n        :returns: the result of the last call to `method`\n        :raises: :exc:`selenium.common.exceptions.TimeoutException` if timeout occurs\n        \"\"\"\n        screen = None\n        stacktrace = None\n    \n        end_time = time.monotonic() + self._timeout\n        while True:\n            try:\n                value = method(self._driver)\n                if value:\n                    return value\n            except self._ignored_exceptions as exc:\n                screen = getattr(exc, \"screen\", None)\n                stacktrace = getattr(exc, \"stacktrace\", None)\n            time.sleep(self._poll)\n            if time.monotonic() > end_time:\n                break\n>       raise TimeoutException(message, screen, stacktrace)\nE       selenium.common.exceptions.TimeoutException: Message: \nE       Stacktrace:\nE       #0 0x563c1b936fe3 <unknown>\nE       #1 0x563c1b675d36 <unknown>\nE       #2 0x563c1b6b2c4d <unknown>\nE       #3 0x563c1b6b2d61 <unknown>\nE       #4 0x563c1b6ee6a4 <unknown>\nE       #5 0x563c1b6d38ed <unknown>\nE       #6 0x563c1b6ec232 <unknown>\nE       #7 0x563c1b6d3693 <unknown>\nE       #8 0x563c1b6a603a <unknown>\nE       #9 0x563c1b6a717e <unknown>\nE       #10 0x563c1b8f8dbd <unknown>\nE       #11 0x563c1b8fcc6c <unknown>\nE       #12 0x563c1b9064b0 <unknown>\nE       #13 0x563c1b8fdd63 <unknown>\nE       #14 0x563c1b8d0c35 <unknown>\nE       #15 0x563c1b921138 <unknown>\nE       #16 0x563c1b9212c7 <unknown>\nE       #17 0x563c1b92f093 <unknown>\nE       #18 0x7f6b03e88b43 <unknown>\n\n/opt/hostedtoolcache/Python/3.10.11/x64/lib/python3.10/site-packages/selenium/webdriver/support/wait.py:95: TimeoutException","flaky":false,"newFailed":false,"newBroken":false,"newPassed":false,"retriesCount":0,"retriesStatusChange":false,"beforeStages":[{"name":"_xunit_setup_method_fixture_TestPostHandling","time":{"start":1682100479362,"stop":1682100482256,"duration":2894},"status":"passed","steps":[],"attachments":[],"parameters":[],"stepsCount":0,"attachmentsCount":0,"shouldDisplayMessage":false,"hasContent":false}],"afterStages":[{"name":"_xunit_setup_method_fixture_TestPostHandling::0","time":{"start":1682100502702,"stop":1682100502761,"duration":59},"status":"passed","steps":[],"attachments":[],"parameters":[],"stepsCount":0,"attachmentsCount":0,"shouldDisplayMessage":false,"hasContent":false}],"labels":[{"name":"as_id","value":"TC-06"},{"name":"parentSuite","value":"vizsgaremek.test"},{"name":"suite","value":"test_conduit"},{"name":"subSuite","value":"TestPostHandling"},{"name":"host","value":"fv-az1248-152"},{"name":"thread","value":"3044-MainThread"},{"name":"framework","value":"pytest"},{"name":"language","value":"cpython3"},{"name":"package","value":"vizsgaremek.test.test_conduit"},{"name":"resultFormat","value":"allure2"}],"parameters":[],"links":[],"hidden":false,"retry":false,"extra":{"severity":"normal","retries":[],"categories":[{"name":"Test defects","matchedStatuses":[],"flaky":false}],"tags":[]},"source":"e9ed535ad4aa7495.json","parameterValues":[]}