{"uid":"585fd7b4c2542987","name":"Több oldalas lista bejárása","fullName":"vizsgaremek.test.test_conduit.TestPostHandling#testpaging","historyId":"c4713e8cd6bbfc766fd60b82625b2c5a","time":{"start":1682096798093,"stop":1682096808344,"duration":10251},"status":"broken","statusMessage":"selenium.common.exceptions.TimeoutException: Message: \nStacktrace:\n#0 0x5645c4657fe3 <unknown>\n#1 0x5645c4396d36 <unknown>\n#2 0x5645c43d3c4d <unknown>\n#3 0x5645c43d3d61 <unknown>\n#4 0x5645c440f6a4 <unknown>\n#5 0x5645c43f48ed <unknown>\n#6 0x5645c440d232 <unknown>\n#7 0x5645c43f4693 <unknown>\n#8 0x5645c43c703a <unknown>\n#9 0x5645c43c817e <unknown>\n#10 0x5645c4619dbd <unknown>\n#11 0x5645c461dc6c <unknown>\n#12 0x5645c46274b0 <unknown>\n#13 0x5645c461ed63 <unknown>\n#14 0x5645c45f1c35 <unknown>\n#15 0x5645c4642138 <unknown>\n#16 0x5645c46422c7 <unknown>\n#17 0x5645c4650093 <unknown>\n#18 0x7f95ec89bb43 <unknown>","statusTrace":"self = <test_conduit.TestPostHandling object at 0x7fa12102c850>\n\n    @allure.id(\"TC-07\")\n    @allure.title(\"Több oldalas lista bejárása\")\n    def testpaging(self):\n>       go_through_page_list(self.browser)\n\nvizsgaremek/test/test_conduit.py:129: \n_ _ _ _ _ _ _ _ _ _ _ _ _ _ _ _ _ _ _ _ _ _ _ _ _ _ _ _ _ _ _ _ _ _ _ _ _ _ _ _ \nvizsgaremek/test/main_functions.py:139: in go_through_page_list\n    pagination = wait.until(EC.visibility_of_element_located((By.CLASS_NAME, \"pagination\")))\n_ _ _ _ _ _ _ _ _ _ _ _ _ _ _ _ _ _ _ _ _ _ _ _ _ _ _ _ _ _ _ _ _ _ _ _ _ _ _ _ \n\nself = <selenium.webdriver.support.wait.WebDriverWait (session=\"46eab9692992b4ee39b3fa7bab6f87ce\")>\nmethod = <function visibility_of_element_located.<locals>._predicate at 0x7fa1210dbd00>\nmessage = ''\n\n    def until(self, method, message: str = \"\"):\n        \"\"\"Calls the method provided with the driver as an argument until the \\\n        return value does not evaluate to ``False``.\n    \n        :param method: callable(WebDriver)\n        :param message: optional message for :exc:`TimeoutException`\n        :returns: the result of the last call to `method`\n        :raises: :exc:`selenium.common.exceptions.TimeoutException` if timeout occurs\n        \"\"\"\n        screen = None\n        stacktrace = None\n    \n        end_time = time.monotonic() + self._timeout\n        while True:\n            try:\n                value = method(self._driver)\n                if value:\n                    return value\n            except self._ignored_exceptions as exc:\n                screen = getattr(exc, \"screen\", None)\n                stacktrace = getattr(exc, \"stacktrace\", None)\n            time.sleep(self._poll)\n            if time.monotonic() > end_time:\n                break\n>       raise TimeoutException(message, screen, stacktrace)\nE       selenium.common.exceptions.TimeoutException: Message: \nE       Stacktrace:\nE       #0 0x5645c4657fe3 <unknown>\nE       #1 0x5645c4396d36 <unknown>\nE       #2 0x5645c43d3c4d <unknown>\nE       #3 0x5645c43d3d61 <unknown>\nE       #4 0x5645c440f6a4 <unknown>\nE       #5 0x5645c43f48ed <unknown>\nE       #6 0x5645c440d232 <unknown>\nE       #7 0x5645c43f4693 <unknown>\nE       #8 0x5645c43c703a <unknown>\nE       #9 0x5645c43c817e <unknown>\nE       #10 0x5645c4619dbd <unknown>\nE       #11 0x5645c461dc6c <unknown>\nE       #12 0x5645c46274b0 <unknown>\nE       #13 0x5645c461ed63 <unknown>\nE       #14 0x5645c45f1c35 <unknown>\nE       #15 0x5645c4642138 <unknown>\nE       #16 0x5645c46422c7 <unknown>\nE       #17 0x5645c4650093 <unknown>\nE       #18 0x7f95ec89bb43 <unknown>\n\n/opt/hostedtoolcache/Python/3.10.11/x64/lib/python3.10/site-packages/selenium/webdriver/support/wait.py:95: TimeoutException","flaky":false,"newFailed":false,"newBroken":false,"newPassed":false,"retriesCount":0,"retriesStatusChange":false,"beforeStages":[{"name":"_xunit_setup_method_fixture_TestPostHandling","time":{"start":1682096796707,"stop":1682096798091,"duration":1384},"status":"passed","steps":[],"attachments":[],"parameters":[],"stepsCount":0,"attachmentsCount":0,"shouldDisplayMessage":false,"hasContent":false}],"afterStages":[{"name":"_xunit_setup_method_fixture_TestPostHandling::0","time":{"start":1682096808357,"stop":1682096808416,"duration":59},"status":"passed","steps":[],"attachments":[],"parameters":[],"stepsCount":0,"attachmentsCount":0,"shouldDisplayMessage":false,"hasContent":false}],"labels":[{"name":"as_id","value":"TC-07"},{"name":"parentSuite","value":"vizsgaremek.test"},{"name":"suite","value":"test_conduit"},{"name":"subSuite","value":"TestPostHandling"},{"name":"host","value":"fv-az561-733"},{"name":"thread","value":"3109-MainThread"},{"name":"framework","value":"pytest"},{"name":"language","value":"cpython3"},{"name":"package","value":"vizsgaremek.test.test_conduit"},{"name":"resultFormat","value":"allure2"}],"parameters":[],"links":[],"hidden":false,"retry":false,"extra":{"severity":"normal","retries":[],"categories":[{"name":"Test defects","matchedStatuses":[],"flaky":false}],"tags":[]},"source":"585fd7b4c2542987.json","parameterValues":[]}