{"uid":"c0294f0cb1de4d17","name":"Kijelentkezés","fullName":"vizsgaremek.test.test_conduit.TestSignInAndSignOut#testsingout","historyId":"89845c7e7b588bbcc579d3a14a7bb20b","time":{"start":1682096773136,"stop":1682096783791,"duration":10655},"status":"broken","statusMessage":"selenium.common.exceptions.TimeoutException: Message: \nStacktrace:\n#0 0x565125d87fe3 <unknown>\n#1 0x565125ac6d36 <unknown>\n#2 0x565125b03c4d <unknown>\n#3 0x565125b03d61 <unknown>\n#4 0x565125b3f6a4 <unknown>\n#5 0x565125b248ed <unknown>\n#6 0x565125b3d232 <unknown>\n#7 0x565125b24693 <unknown>\n#8 0x565125af703a <unknown>\n#9 0x565125af817e <unknown>\n#10 0x565125d49dbd <unknown>\n#11 0x565125d4dc6c <unknown>\n#12 0x565125d574b0 <unknown>\n#13 0x565125d4ed63 <unknown>\n#14 0x565125d21c35 <unknown>\n#15 0x565125d72138 <unknown>\n#16 0x565125d722c7 <unknown>\n#17 0x565125d80093 <unknown>\n#18 0x7f52a6b61b43 <unknown>","statusTrace":"self = <test_conduit.TestSignInAndSignOut object at 0x7fa12102d300>\n\n    @allure.id(\"TC-04\")\n    @allure.title(\"Kijelentkezés\")\n    def testsingout(self):\n        wait = WebDriverWait(self.browser, 10)\n        for user in get_users_from_file():\n            if user[0].startswith('signin_valid'):\n                use_case, username, email, password, expected_title, expected_description = user\n                signin(self.browser, email, password)\n>       logout(self.browser)\n\nvizsgaremek/test/test_conduit.py:90: \n_ _ _ _ _ _ _ _ _ _ _ _ _ _ _ _ _ _ _ _ _ _ _ _ _ _ _ _ _ _ _ _ _ _ _ _ _ _ _ _ \nvizsgaremek/test/main_functions.py:72: in logout\n    logout_button = wait.until(EC.visibility_of_element_located((By.XPATH, \"(//div[@class='container']/ul/li)[5]\")))\n_ _ _ _ _ _ _ _ _ _ _ _ _ _ _ _ _ _ _ _ _ _ _ _ _ _ _ _ _ _ _ _ _ _ _ _ _ _ _ _ \n\nself = <selenium.webdriver.support.wait.WebDriverWait (session=\"a50ff450f6ca64a6986c16ebe2b29b73\")>\nmethod = <function visibility_of_element_located.<locals>._predicate at 0x7fa1210dba30>\nmessage = ''\n\n    def until(self, method, message: str = \"\"):\n        \"\"\"Calls the method provided with the driver as an argument until the \\\n        return value does not evaluate to ``False``.\n    \n        :param method: callable(WebDriver)\n        :param message: optional message for :exc:`TimeoutException`\n        :returns: the result of the last call to `method`\n        :raises: :exc:`selenium.common.exceptions.TimeoutException` if timeout occurs\n        \"\"\"\n        screen = None\n        stacktrace = None\n    \n        end_time = time.monotonic() + self._timeout\n        while True:\n            try:\n                value = method(self._driver)\n                if value:\n                    return value\n            except self._ignored_exceptions as exc:\n                screen = getattr(exc, \"screen\", None)\n                stacktrace = getattr(exc, \"stacktrace\", None)\n            time.sleep(self._poll)\n            if time.monotonic() > end_time:\n                break\n>       raise TimeoutException(message, screen, stacktrace)\nE       selenium.common.exceptions.TimeoutException: Message: \nE       Stacktrace:\nE       #0 0x565125d87fe3 <unknown>\nE       #1 0x565125ac6d36 <unknown>\nE       #2 0x565125b03c4d <unknown>\nE       #3 0x565125b03d61 <unknown>\nE       #4 0x565125b3f6a4 <unknown>\nE       #5 0x565125b248ed <unknown>\nE       #6 0x565125b3d232 <unknown>\nE       #7 0x565125b24693 <unknown>\nE       #8 0x565125af703a <unknown>\nE       #9 0x565125af817e <unknown>\nE       #10 0x565125d49dbd <unknown>\nE       #11 0x565125d4dc6c <unknown>\nE       #12 0x565125d574b0 <unknown>\nE       #13 0x565125d4ed63 <unknown>\nE       #14 0x565125d21c35 <unknown>\nE       #15 0x565125d72138 <unknown>\nE       #16 0x565125d722c7 <unknown>\nE       #17 0x565125d80093 <unknown>\nE       #18 0x7f52a6b61b43 <unknown>\n\n/opt/hostedtoolcache/Python/3.10.11/x64/lib/python3.10/site-packages/selenium/webdriver/support/wait.py:95: TimeoutException","flaky":false,"newFailed":false,"newBroken":false,"newPassed":false,"retriesCount":0,"retriesStatusChange":false,"beforeStages":[{"name":"_xunit_setup_method_fixture_TestSignInAndSignOut","time":{"start":1682096771867,"stop":1682096773136,"duration":1269},"status":"passed","steps":[],"attachments":[],"parameters":[],"stepsCount":0,"attachmentsCount":0,"shouldDisplayMessage":false,"hasContent":false}],"afterStages":[{"name":"_xunit_setup_method_fixture_TestSignInAndSignOut::0","time":{"start":1682096783804,"stop":1682096783862,"duration":58},"status":"passed","steps":[],"attachments":[],"parameters":[],"stepsCount":0,"attachmentsCount":0,"shouldDisplayMessage":false,"hasContent":false}],"labels":[{"name":"as_id","value":"TC-04"},{"name":"parentSuite","value":"vizsgaremek.test"},{"name":"suite","value":"test_conduit"},{"name":"subSuite","value":"TestSignInAndSignOut"},{"name":"host","value":"fv-az561-733"},{"name":"thread","value":"3109-MainThread"},{"name":"framework","value":"pytest"},{"name":"language","value":"cpython3"},{"name":"package","value":"vizsgaremek.test.test_conduit"},{"name":"resultFormat","value":"allure2"}],"parameters":[],"links":[],"hidden":false,"retry":false,"extra":{"severity":"normal","retries":[],"categories":[{"name":"Test defects","matchedStatuses":[],"flaky":false}],"tags":[]},"source":"c0294f0cb1de4d17.json","parameterValues":[]}