{"uid":"f5edea8a4196e264","name":"Új poszt létrehozása","fullName":"vizsgaremek.test.test_conduit.TestPostHandling#test_new_post","historyId":"18a040b0a4bdf20fa217d0077a624560","time":{"start":1682096786379,"stop":1682096796634,"duration":10255},"status":"broken","statusMessage":"selenium.common.exceptions.TimeoutException: Message: \nStacktrace:\n#0 0x5637d54f6fe3 <unknown>\n#1 0x5637d5235d36 <unknown>\n#2 0x5637d5272c4d <unknown>\n#3 0x5637d5272d61 <unknown>\n#4 0x5637d52ae6a4 <unknown>\n#5 0x5637d52938ed <unknown>\n#6 0x5637d52ac232 <unknown>\n#7 0x5637d5293693 <unknown>\n#8 0x5637d526603a <unknown>\n#9 0x5637d526717e <unknown>\n#10 0x5637d54b8dbd <unknown>\n#11 0x5637d54bcc6c <unknown>\n#12 0x5637d54c64b0 <unknown>\n#13 0x5637d54bdd63 <unknown>\n#14 0x5637d5490c35 <unknown>\n#15 0x5637d54e1138 <unknown>\n#16 0x5637d54e12c7 <unknown>\n#17 0x5637d54ef093 <unknown>\n#18 0x7f3029047b43 <unknown>","statusTrace":"self = <test_conduit.TestPostHandling object at 0x7fa12102cac0>\n\n    @allure.id(\"TC-06\")\n    @allure.title(\"Új poszt létrehozása\")\n    def test_new_post(self):\n>       create_new_post(self.browser)\n\nvizsgaremek/test/test_conduit.py:124: \n_ _ _ _ _ _ _ _ _ _ _ _ _ _ _ _ _ _ _ _ _ _ _ _ _ _ _ _ _ _ _ _ _ _ _ _ _ _ _ _ \nvizsgaremek/test/main_functions.py:85: in create_new_post\n    new_article_nav = wait.until(EC.presence_of_element_located((By.XPATH, \"//a[@href='#/editor']\")))\n_ _ _ _ _ _ _ _ _ _ _ _ _ _ _ _ _ _ _ _ _ _ _ _ _ _ _ _ _ _ _ _ _ _ _ _ _ _ _ _ \n\nself = <selenium.webdriver.support.wait.WebDriverWait (session=\"e2ae666ec1e5d7808ddbaf6289ed4476\")>\nmethod = <function presence_of_element_located.<locals>._predicate at 0x7fa120f82f80>\nmessage = ''\n\n    def until(self, method, message: str = \"\"):\n        \"\"\"Calls the method provided with the driver as an argument until the \\\n        return value does not evaluate to ``False``.\n    \n        :param method: callable(WebDriver)\n        :param message: optional message for :exc:`TimeoutException`\n        :returns: the result of the last call to `method`\n        :raises: :exc:`selenium.common.exceptions.TimeoutException` if timeout occurs\n        \"\"\"\n        screen = None\n        stacktrace = None\n    \n        end_time = time.monotonic() + self._timeout\n        while True:\n            try:\n                value = method(self._driver)\n                if value:\n                    return value\n            except self._ignored_exceptions as exc:\n                screen = getattr(exc, \"screen\", None)\n                stacktrace = getattr(exc, \"stacktrace\", None)\n            time.sleep(self._poll)\n            if time.monotonic() > end_time:\n                break\n>       raise TimeoutException(message, screen, stacktrace)\nE       selenium.common.exceptions.TimeoutException: Message: \nE       Stacktrace:\nE       #0 0x5637d54f6fe3 <unknown>\nE       #1 0x5637d5235d36 <unknown>\nE       #2 0x5637d5272c4d <unknown>\nE       #3 0x5637d5272d61 <unknown>\nE       #4 0x5637d52ae6a4 <unknown>\nE       #5 0x5637d52938ed <unknown>\nE       #6 0x5637d52ac232 <unknown>\nE       #7 0x5637d5293693 <unknown>\nE       #8 0x5637d526603a <unknown>\nE       #9 0x5637d526717e <unknown>\nE       #10 0x5637d54b8dbd <unknown>\nE       #11 0x5637d54bcc6c <unknown>\nE       #12 0x5637d54c64b0 <unknown>\nE       #13 0x5637d54bdd63 <unknown>\nE       #14 0x5637d5490c35 <unknown>\nE       #15 0x5637d54e1138 <unknown>\nE       #16 0x5637d54e12c7 <unknown>\nE       #17 0x5637d54ef093 <unknown>\nE       #18 0x7f3029047b43 <unknown>\n\n/opt/hostedtoolcache/Python/3.10.11/x64/lib/python3.10/site-packages/selenium/webdriver/support/wait.py:95: TimeoutException","flaky":false,"newFailed":false,"newBroken":false,"newPassed":false,"retriesCount":0,"retriesStatusChange":false,"beforeStages":[{"name":"_xunit_setup_method_fixture_TestPostHandling","time":{"start":1682096784979,"stop":1682096786378,"duration":1399},"status":"passed","steps":[],"attachments":[],"parameters":[],"stepsCount":0,"attachmentsCount":0,"shouldDisplayMessage":false,"hasContent":false}],"afterStages":[{"name":"_xunit_setup_method_fixture_TestPostHandling::0","time":{"start":1682096796648,"stop":1682096796705,"duration":57},"status":"passed","steps":[],"attachments":[],"parameters":[],"stepsCount":0,"attachmentsCount":0,"shouldDisplayMessage":false,"hasContent":false}],"labels":[{"name":"as_id","value":"TC-06"},{"name":"parentSuite","value":"vizsgaremek.test"},{"name":"suite","value":"test_conduit"},{"name":"subSuite","value":"TestPostHandling"},{"name":"host","value":"fv-az561-733"},{"name":"thread","value":"3109-MainThread"},{"name":"framework","value":"pytest"},{"name":"language","value":"cpython3"},{"name":"package","value":"vizsgaremek.test.test_conduit"},{"name":"resultFormat","value":"allure2"}],"parameters":[],"links":[],"hidden":false,"retry":false,"extra":{"severity":"normal","retries":[],"categories":[{"name":"Test defects","matchedStatuses":[],"flaky":false}],"tags":[]},"source":"f5edea8a4196e264.json","parameterValues":[]}