{"uid":"8f920370153b345a","name":"Több oldalas lista bejárása","fullName":"vizsgaremek.test.test_conduit.TestPostHandling#testpaging","historyId":"c4713e8cd6bbfc766fd60b82625b2c5a","time":{"start":1682095594860,"stop":1682095599970,"duration":5110},"status":"broken","statusMessage":"selenium.common.exceptions.TimeoutException: Message: \nStacktrace:\n#0 0x561df953bfe3 <unknown>\n#1 0x561df927ad36 <unknown>\n#2 0x561df92b7c4d <unknown>\n#3 0x561df92b7d61 <unknown>\n#4 0x561df92f36a4 <unknown>\n#5 0x561df92d88ed <unknown>\n#6 0x561df92f1232 <unknown>\n#7 0x561df92d8693 <unknown>\n#8 0x561df92ab03a <unknown>\n#9 0x561df92ac17e <unknown>\n#10 0x561df94fddbd <unknown>\n#11 0x561df9501c6c <unknown>\n#12 0x561df950b4b0 <unknown>\n#13 0x561df9502d63 <unknown>\n#14 0x561df94d5c35 <unknown>\n#15 0x561df9526138 <unknown>\n#16 0x561df95262c7 <unknown>\n#17 0x561df9534093 <unknown>\n#18 0x7f115fee1b43 <unknown>","statusTrace":"self = <test_conduit.TestPostHandling object at 0x7ff278f5ded0>\n\n    @allure.id(\"TC-07\")\n    @allure.title(\"Több oldalas lista bejárása\")\n    def testpaging(self):\n>       go_through_page_list(self.browser)\n\nvizsgaremek/test/test_conduit.py:129: \n_ _ _ _ _ _ _ _ _ _ _ _ _ _ _ _ _ _ _ _ _ _ _ _ _ _ _ _ _ _ _ _ _ _ _ _ _ _ _ _ \nvizsgaremek/test/main_functions.py:138: in go_through_page_list\n    pagination = wait.until(EC.visibility_of_element_located((By.CLASS_NAME, \"pagination\")))\n_ _ _ _ _ _ _ _ _ _ _ _ _ _ _ _ _ _ _ _ _ _ _ _ _ _ _ _ _ _ _ _ _ _ _ _ _ _ _ _ \n\nself = <selenium.webdriver.support.wait.WebDriverWait (session=\"b65ad45efb7d75de2151522ccd2a4c88\")>\nmethod = <function visibility_of_element_located.<locals>._predicate at 0x7ff277c6da20>\nmessage = ''\n\n    def until(self, method, message: str = \"\"):\n        \"\"\"Calls the method provided with the driver as an argument until the \\\n        return value does not evaluate to ``False``.\n    \n        :param method: callable(WebDriver)\n        :param message: optional message for :exc:`TimeoutException`\n        :returns: the result of the last call to `method`\n        :raises: :exc:`selenium.common.exceptions.TimeoutException` if timeout occurs\n        \"\"\"\n        screen = None\n        stacktrace = None\n    \n        end_time = time.monotonic() + self._timeout\n        while True:\n            try:\n                value = method(self._driver)\n                if value:\n                    return value\n            except self._ignored_exceptions as exc:\n                screen = getattr(exc, \"screen\", None)\n                stacktrace = getattr(exc, \"stacktrace\", None)\n            time.sleep(self._poll)\n            if time.monotonic() > end_time:\n                break\n>       raise TimeoutException(message, screen, stacktrace)\nE       selenium.common.exceptions.TimeoutException: Message: \nE       Stacktrace:\nE       #0 0x561df953bfe3 <unknown>\nE       #1 0x561df927ad36 <unknown>\nE       #2 0x561df92b7c4d <unknown>\nE       #3 0x561df92b7d61 <unknown>\nE       #4 0x561df92f36a4 <unknown>\nE       #5 0x561df92d88ed <unknown>\nE       #6 0x561df92f1232 <unknown>\nE       #7 0x561df92d8693 <unknown>\nE       #8 0x561df92ab03a <unknown>\nE       #9 0x561df92ac17e <unknown>\nE       #10 0x561df94fddbd <unknown>\nE       #11 0x561df9501c6c <unknown>\nE       #12 0x561df950b4b0 <unknown>\nE       #13 0x561df9502d63 <unknown>\nE       #14 0x561df94d5c35 <unknown>\nE       #15 0x561df9526138 <unknown>\nE       #16 0x561df95262c7 <unknown>\nE       #17 0x561df9534093 <unknown>\nE       #18 0x7f115fee1b43 <unknown>\n\n/opt/hostedtoolcache/Python/3.10.11/x64/lib/python3.10/site-packages/selenium/webdriver/support/wait.py:95: TimeoutException","flaky":false,"newFailed":false,"newBroken":false,"newPassed":false,"retriesCount":0,"retriesStatusChange":false,"beforeStages":[{"name":"_xunit_setup_method_fixture_TestPostHandling","time":{"start":1682095593527,"stop":1682095594858,"duration":1331},"status":"passed","steps":[],"attachments":[],"parameters":[],"stepsCount":0,"attachmentsCount":0,"shouldDisplayMessage":false,"hasContent":false}],"afterStages":[{"name":"_xunit_setup_method_fixture_TestPostHandling::0","time":{"start":1682095599981,"stop":1682095600037,"duration":56},"status":"passed","steps":[],"attachments":[],"parameters":[],"stepsCount":0,"attachmentsCount":0,"shouldDisplayMessage":false,"hasContent":false}],"labels":[{"name":"as_id","value":"TC-07"},{"name":"parentSuite","value":"vizsgaremek.test"},{"name":"suite","value":"test_conduit"},{"name":"subSuite","value":"TestPostHandling"},{"name":"host","value":"fv-az338-730"},{"name":"thread","value":"3086-MainThread"},{"name":"framework","value":"pytest"},{"name":"language","value":"cpython3"},{"name":"package","value":"vizsgaremek.test.test_conduit"},{"name":"resultFormat","value":"allure2"}],"parameters":[],"links":[],"hidden":false,"retry":false,"extra":{"severity":"normal","retries":[],"categories":[{"name":"Test defects","matchedStatuses":[],"flaky":false}],"tags":[]},"source":"8f920370153b345a.json","parameterValues":[]}