{"uid":"8a8311fb19d4d983","name":"Kijelentkezés","fullName":"vizsgaremek.test.test_conduit.TestSignInAndSignOut#testsingout","historyId":"89845c7e7b588bbcc579d3a14a7bb20b","time":{"start":1682098546722,"stop":1682098569073,"duration":22351},"status":"broken","statusMessage":"selenium.common.exceptions.TimeoutException: Message: \nStacktrace:\n#0 0x55a256773fe3 <unknown>\n#1 0x55a2564b2d36 <unknown>\n#2 0x55a2564efc4d <unknown>\n#3 0x55a2564efd61 <unknown>\n#4 0x55a25652b6a4 <unknown>\n#5 0x55a2565108ed <unknown>\n#6 0x55a256529232 <unknown>\n#7 0x55a256510693 <unknown>\n#8 0x55a2564e303a <unknown>\n#9 0x55a2564e417e <unknown>\n#10 0x55a256735dbd <unknown>\n#11 0x55a256739c6c <unknown>\n#12 0x55a2567434b0 <unknown>\n#13 0x55a25673ad63 <unknown>\n#14 0x55a25670dc35 <unknown>\n#15 0x55a25675e138 <unknown>\n#16 0x55a25675e2c7 <unknown>\n#17 0x55a25676c093 <unknown>\n#18 0x7f4e631b8b43 <unknown>","statusTrace":"self = <test_conduit.TestSignInAndSignOut object at 0x7f2ba2f76fb0>\n\n    @allure.id(\"TC-04\")\n    @allure.title(\"Kijelentkezés\")\n    def testsingout(self):\n        for user in get_users_from_file():\n            if user[0].startswith('signin_valid'):\n                use_case, username, email, password, expected_title, expected_description = user\n                signin(self.browser, email, password)\n>       logout(self.browser)\n\nvizsgaremek/test/test_conduit.py:89: \n_ _ _ _ _ _ _ _ _ _ _ _ _ _ _ _ _ _ _ _ _ _ _ _ _ _ _ _ _ _ _ _ _ _ _ _ _ _ _ _ \nvizsgaremek/test/main_functions.py:80: in logout\n    logout_button = wait.until(EC.visibility_of_element_located((By.XPATH, \"(//div[@class='container']/ul/li)[5]\")))\n_ _ _ _ _ _ _ _ _ _ _ _ _ _ _ _ _ _ _ _ _ _ _ _ _ _ _ _ _ _ _ _ _ _ _ _ _ _ _ _ \n\nself = <selenium.webdriver.support.wait.WebDriverWait (session=\"a8613da4912bd2ecb1bb57243270a205\")>\nmethod = <function visibility_of_element_located.<locals>._predicate at 0x7f2ba1c8d900>\nmessage = ''\n\n    def until(self, method, message: str = \"\"):\n        \"\"\"Calls the method provided with the driver as an argument until the \\\n        return value does not evaluate to ``False``.\n    \n        :param method: callable(WebDriver)\n        :param message: optional message for :exc:`TimeoutException`\n        :returns: the result of the last call to `method`\n        :raises: :exc:`selenium.common.exceptions.TimeoutException` if timeout occurs\n        \"\"\"\n        screen = None\n        stacktrace = None\n    \n        end_time = time.monotonic() + self._timeout\n        while True:\n            try:\n                value = method(self._driver)\n                if value:\n                    return value\n            except self._ignored_exceptions as exc:\n                screen = getattr(exc, \"screen\", None)\n                stacktrace = getattr(exc, \"stacktrace\", None)\n            time.sleep(self._poll)\n            if time.monotonic() > end_time:\n                break\n>       raise TimeoutException(message, screen, stacktrace)\nE       selenium.common.exceptions.TimeoutException: Message: \nE       Stacktrace:\nE       #0 0x55a256773fe3 <unknown>\nE       #1 0x55a2564b2d36 <unknown>\nE       #2 0x55a2564efc4d <unknown>\nE       #3 0x55a2564efd61 <unknown>\nE       #4 0x55a25652b6a4 <unknown>\nE       #5 0x55a2565108ed <unknown>\nE       #6 0x55a256529232 <unknown>\nE       #7 0x55a256510693 <unknown>\nE       #8 0x55a2564e303a <unknown>\nE       #9 0x55a2564e417e <unknown>\nE       #10 0x55a256735dbd <unknown>\nE       #11 0x55a256739c6c <unknown>\nE       #12 0x55a2567434b0 <unknown>\nE       #13 0x55a25673ad63 <unknown>\nE       #14 0x55a25670dc35 <unknown>\nE       #15 0x55a25675e138 <unknown>\nE       #16 0x55a25675e2c7 <unknown>\nE       #17 0x55a25676c093 <unknown>\nE       #18 0x7f4e631b8b43 <unknown>\n\n/opt/hostedtoolcache/Python/3.10.11/x64/lib/python3.10/site-packages/selenium/webdriver/support/wait.py:95: TimeoutException","flaky":false,"newFailed":false,"newBroken":false,"newPassed":false,"retriesCount":0,"retriesStatusChange":false,"beforeStages":[{"name":"_xunit_setup_method_fixture_TestSignInAndSignOut","time":{"start":1682098545715,"stop":1682098546722,"duration":1007},"status":"passed","steps":[],"attachments":[],"parameters":[],"stepsCount":0,"attachmentsCount":0,"shouldDisplayMessage":false,"hasContent":false}],"afterStages":[{"name":"_xunit_setup_method_fixture_TestSignInAndSignOut::0","time":{"start":1682098569084,"stop":1682098569143,"duration":59},"status":"passed","steps":[],"attachments":[],"parameters":[],"stepsCount":0,"attachmentsCount":0,"shouldDisplayMessage":false,"hasContent":false}],"labels":[{"name":"as_id","value":"TC-04"},{"name":"parentSuite","value":"vizsgaremek.test"},{"name":"suite","value":"test_conduit"},{"name":"subSuite","value":"TestSignInAndSignOut"},{"name":"host","value":"fv-az805-24"},{"name":"thread","value":"3058-MainThread"},{"name":"framework","value":"pytest"},{"name":"language","value":"cpython3"},{"name":"package","value":"vizsgaremek.test.test_conduit"},{"name":"resultFormat","value":"allure2"}],"parameters":[],"links":[],"hidden":false,"retry":false,"extra":{"severity":"normal","retries":[],"categories":[{"name":"Test defects","matchedStatuses":[],"flaky":false}],"tags":[]},"source":"8a8311fb19d4d983.json","parameterValues":[]}