{"uid":"b63d27909db7781b","name":"Új poszt létrehozása","fullName":"vizsgaremek.test.test_conduit.TestPostHandling#test_new_post","historyId":"18a040b0a4bdf20fa217d0077a624560","time":{"start":1682098573080,"stop":1682098593494,"duration":20414},"status":"broken","statusMessage":"selenium.common.exceptions.TimeoutException: Message: \nStacktrace:\n#0 0x56444eb74fe3 <unknown>\n#1 0x56444e8b3d36 <unknown>\n#2 0x56444e8f0c4d <unknown>\n#3 0x56444e8f0d61 <unknown>\n#4 0x56444e92c6a4 <unknown>\n#5 0x56444e9118ed <unknown>\n#6 0x56444e92a232 <unknown>\n#7 0x56444e911693 <unknown>\n#8 0x56444e8e403a <unknown>\n#9 0x56444e8e517e <unknown>\n#10 0x56444eb36dbd <unknown>\n#11 0x56444eb3ac6c <unknown>\n#12 0x56444eb444b0 <unknown>\n#13 0x56444eb3bd63 <unknown>\n#14 0x56444eb0ec35 <unknown>\n#15 0x56444eb5f138 <unknown>\n#16 0x56444eb5f2c7 <unknown>\n#17 0x56444eb6d093 <unknown>\n#18 0x7f6068fa7b43 <unknown>","statusTrace":"self = <test_conduit.TestPostHandling object at 0x7f2ba2f76770>\n\n    @allure.id(\"TC-06\")\n    @allure.title(\"Új poszt létrehozása\")\n    def test_new_post(self):\n>       create_new_post(self.browser)\n\nvizsgaremek/test/test_conduit.py:123: \n_ _ _ _ _ _ _ _ _ _ _ _ _ _ _ _ _ _ _ _ _ _ _ _ _ _ _ _ _ _ _ _ _ _ _ _ _ _ _ _ \nvizsgaremek/test/main_functions.py:93: in create_new_post\n    new_article_nav = wait.until(EC.presence_of_element_located((By.XPATH, \"//a[@href='#/editor']\")))\n_ _ _ _ _ _ _ _ _ _ _ _ _ _ _ _ _ _ _ _ _ _ _ _ _ _ _ _ _ _ _ _ _ _ _ _ _ _ _ _ \n\nself = <selenium.webdriver.support.wait.WebDriverWait (session=\"37f43dd913c497e574651f0a66a07997\")>\nmethod = <function presence_of_element_located.<locals>._predicate at 0x7f2ba1ce0820>\nmessage = ''\n\n    def until(self, method, message: str = \"\"):\n        \"\"\"Calls the method provided with the driver as an argument until the \\\n        return value does not evaluate to ``False``.\n    \n        :param method: callable(WebDriver)\n        :param message: optional message for :exc:`TimeoutException`\n        :returns: the result of the last call to `method`\n        :raises: :exc:`selenium.common.exceptions.TimeoutException` if timeout occurs\n        \"\"\"\n        screen = None\n        stacktrace = None\n    \n        end_time = time.monotonic() + self._timeout\n        while True:\n            try:\n                value = method(self._driver)\n                if value:\n                    return value\n            except self._ignored_exceptions as exc:\n                screen = getattr(exc, \"screen\", None)\n                stacktrace = getattr(exc, \"stacktrace\", None)\n            time.sleep(self._poll)\n            if time.monotonic() > end_time:\n                break\n>       raise TimeoutException(message, screen, stacktrace)\nE       selenium.common.exceptions.TimeoutException: Message: \nE       Stacktrace:\nE       #0 0x56444eb74fe3 <unknown>\nE       #1 0x56444e8b3d36 <unknown>\nE       #2 0x56444e8f0c4d <unknown>\nE       #3 0x56444e8f0d61 <unknown>\nE       #4 0x56444e92c6a4 <unknown>\nE       #5 0x56444e9118ed <unknown>\nE       #6 0x56444e92a232 <unknown>\nE       #7 0x56444e911693 <unknown>\nE       #8 0x56444e8e403a <unknown>\nE       #9 0x56444e8e517e <unknown>\nE       #10 0x56444eb36dbd <unknown>\nE       #11 0x56444eb3ac6c <unknown>\nE       #12 0x56444eb444b0 <unknown>\nE       #13 0x56444eb3bd63 <unknown>\nE       #14 0x56444eb0ec35 <unknown>\nE       #15 0x56444eb5f138 <unknown>\nE       #16 0x56444eb5f2c7 <unknown>\nE       #17 0x56444eb6d093 <unknown>\nE       #18 0x7f6068fa7b43 <unknown>\n\n/opt/hostedtoolcache/Python/3.10.11/x64/lib/python3.10/site-packages/selenium/webdriver/support/wait.py:95: TimeoutException","flaky":false,"newFailed":false,"newBroken":false,"newPassed":false,"retriesCount":0,"retriesStatusChange":false,"beforeStages":[{"name":"_xunit_setup_method_fixture_TestPostHandling","time":{"start":1682098570179,"stop":1682098573079,"duration":2900},"status":"passed","steps":[],"attachments":[],"parameters":[],"stepsCount":0,"attachmentsCount":0,"shouldDisplayMessage":false,"hasContent":false}],"afterStages":[{"name":"_xunit_setup_method_fixture_TestPostHandling::0","time":{"start":1682098593506,"stop":1682098593562,"duration":56},"status":"passed","steps":[],"attachments":[],"parameters":[],"stepsCount":0,"attachmentsCount":0,"shouldDisplayMessage":false,"hasContent":false}],"labels":[{"name":"as_id","value":"TC-06"},{"name":"parentSuite","value":"vizsgaremek.test"},{"name":"suite","value":"test_conduit"},{"name":"subSuite","value":"TestPostHandling"},{"name":"host","value":"fv-az805-24"},{"name":"thread","value":"3058-MainThread"},{"name":"framework","value":"pytest"},{"name":"language","value":"cpython3"},{"name":"package","value":"vizsgaremek.test.test_conduit"},{"name":"resultFormat","value":"allure2"}],"parameters":[],"links":[],"hidden":false,"retry":false,"extra":{"severity":"normal","retries":[],"categories":[{"name":"Test defects","matchedStatuses":[],"flaky":false}],"tags":[]},"source":"b63d27909db7781b.json","parameterValues":[]}